07-Jun-2020 04:48:31.974 INFO [main] org.apache.catalina.startup.VersionLoggerListener.log Server version name:   Apache Tomcat/8.5.53
07-Jun-2020 04:48:31.982 INFO [main] org.apache.catalina.startup.VersionLoggerListener.log Server built:          Mar 11 2020 10:01:39 UTC
07-Jun-2020 04:48:31.982 INFO [main] org.apache.catalina.startup.VersionLoggerListener.log Server version number: 8.5.53.0
07-Jun-2020 04:48:31.982 INFO [main] org.apache.catalina.startup.VersionLoggerListener.log OS Name:               Linux
07-Jun-2020 04:48:31.982 INFO [main] org.apache.catalina.startup.VersionLoggerListener.log OS Version:            5.3.0-1020-azure
07-Jun-2020 04:48:31.982 INFO [main] org.apache.catalina.startup.VersionLoggerListener.log Architecture:          amd64
07-Jun-2020 04:48:31.982 INFO [main] org.apache.catalina.startup.VersionLoggerListener.log Java Home:             /usr/lib/jvm/java-8-openjdk-amd64/jre
07-Jun-2020 04:48:31.982 INFO [main] org.apache.catalina.startup.VersionLoggerListener.log JVM Version:           1.8.0_252-8u252-b09-1~18.04-b09
07-Jun-2020 04:48:31.982 INFO [main] org.apache.catalina.startup.VersionLoggerListener.log JVM Vendor:            Private Build
07-Jun-2020 04:48:31.982 INFO [main] org.apache.catalina.startup.VersionLoggerListener.log CATALINA_BASE:         /home/Jorge/apache-tomcat-8.5.53
07-Jun-2020 04:48:31.983 INFO [main] org.apache.catalina.startup.VersionLoggerListener.log CATALINA_HOME:         /home/Jorge/apache-tomcat-8.5.53
07-Jun-2020 04:48:31.983 INFO [main] org.apache.catalina.startup.VersionLoggerListener.log Command line argument: -Djava.util.logging.config.file=/home/Jorge/apache-tomcat-8.5.53/conf/logging.properties
07-Jun-2020 04:48:31.983 INFO [main] org.apache.catalina.startup.VersionLoggerListener.log Command line argument: -Djava.util.logging.manager=org.apache.juli.ClassLoaderLogManager
07-Jun-2020 04:48:31.983 INFO [main] org.apache.catalina.startup.VersionLoggerListener.log Command line argument: -Djdk.tls.ephemeralDHKeySize=2048
07-Jun-2020 04:48:31.983 INFO [main] org.apache.catalina.startup.VersionLoggerListener.log Command line argument: -Djava.protocol.handler.pkgs=org.apache.catalina.webresources
07-Jun-2020 04:48:31.983 INFO [main] org.apache.catalina.startup.VersionLoggerListener.log Command line argument: -Dorg.apache.catalina.security.SecurityListener.UMASK=0027
07-Jun-2020 04:48:31.984 INFO [main] org.apache.catalina.startup.VersionLoggerListener.log Command line argument: -Dignore.endorsed.dirs=
07-Jun-2020 04:48:31.984 INFO [main] org.apache.catalina.startup.VersionLoggerListener.log Command line argument: -Dcatalina.base=/home/Jorge/apache-tomcat-8.5.53
07-Jun-2020 04:48:31.984 INFO [main] org.apache.catalina.startup.VersionLoggerListener.log Command line argument: -Dcatalina.home=/home/Jorge/apache-tomcat-8.5.53
07-Jun-2020 04:48:31.984 INFO [main] org.apache.catalina.startup.VersionLoggerListener.log Command line argument: -Djava.io.tmpdir=/home/Jorge/apache-tomcat-8.5.53/temp
07-Jun-2020 04:48:31.984 INFO [main] org.apache.catalina.core.AprLifecycleListener.lifecycleEvent The APR based Apache Tomcat Native library which allows optimal performance in production environments was not found on the java.library.path: [/usr/java/packages/lib/amd64:/usr/lib/x86_64-linux-gnu/jni:/lib/x86_64-linux-gnu:/usr/lib/x86_64-linux-gnu:/usr/lib/jni:/lib:/usr/lib]
07-Jun-2020 04:48:32.490 INFO [main] org.apache.coyote.AbstractProtocol.init Initializing ProtocolHandler ["http-nio-8080"]
07-Jun-2020 04:48:32.588 INFO [main] org.apache.tomcat.util.net.NioSelectorPool.getSharedSelector Using a shared selector for servlet write/read
07-Jun-2020 04:48:32.621 INFO [main] org.apache.catalina.startup.Catalina.load Initialization processed in 1904 ms
07-Jun-2020 04:48:32.699 INFO [main] org.apache.catalina.core.StandardService.startInternal Starting service [Catalina]
07-Jun-2020 04:48:32.699 INFO [main] org.apache.catalina.core.StandardEngine.startInternal Starting Servlet Engine: Apache Tomcat/8.5.53
07-Jun-2020 04:48:32.750 INFO [localhost-startStop-1] org.apache.catalina.startup.HostConfig.deployWAR Deploying web application archive [/home/Jorge/apache-tomcat-8.5.53/webapps/Servicio.war]
07-Jun-2020 04:48:32.800 INFO [localhost-startStop-1] org.apache.catalina.startup.ExpandWar.expand An expanded directory [/home/Jorge/apache-tomcat-8.5.53/webapps/Servicio] was found with a last modified time that did not match the associated WAR. It will be deleted.
07-Jun-2020 04:48:34.351 WARNING [localhost-startStop-1] org.apache.tomcat.dbcp.dbcp2.BasicDataSourceFactory.getObjectInstance Name = datasource_Servicio Property maxActive is not used in DBCP2, use maxTotal instead. maxTotal default value is 8. You have set value of "100" for "maxActive" property, which is being ignored.
07-Jun-2020 04:48:34.352 WARNING [localhost-startStop-1] org.apache.tomcat.dbcp.dbcp2.BasicDataSourceFactory.getObjectInstance Name = datasource_Servicio Property maxWait is not used in DBCP2 , use maxWaitMillis instead. maxWaitMillis default value is -1. You have set value of "10000" for "maxWait" property, which is being ignored.
07-Jun-2020 04:48:34.463 INFO [localhost-startStop-1] org.apache.jasper.servlet.TldScanner.scanJars At least one JAR was scanned for TLDs yet contained no TLDs. Enable debug logging for this logger for a complete list of JARs that were scanned but no TLDs were found in them. Skipping unneeded JARs during scanning can improve startup time and JSP compilation time.
07-Jun-2020 04:48:35.633 INFO [localhost-startStop-1] org.apache.catalina.startup.HostConfig.deployWAR Deployment of web application archive [/home/Jorge/apache-tomcat-8.5.53/webapps/Servicio.war] has finished in [2,882] ms
07-Jun-2020 04:48:35.635 INFO [localhost-startStop-1] org.apache.catalina.startup.HostConfig.deployDirectory Deploying web application directory [/home/Jorge/apache-tomcat-8.5.53/webapps/ROOT]
07-Jun-2020 04:48:36.630 INFO [localhost-startStop-1] org.apache.jasper.servlet.TldScanner.scanJars At least one JAR was scanned for TLDs yet contained no TLDs. Enable debug logging for this logger for a complete list of JARs that were scanned but no TLDs were found in them. Skipping unneeded JARs during scanning can improve startup time and JSP compilation time.
07-Jun-2020 04:48:36.639 INFO [localhost-startStop-1] org.apache.catalina.startup.HostConfig.deployDirectory Deployment of web application directory [/home/Jorge/apache-tomcat-8.5.53/webapps/ROOT] has finished in [1,004] ms
07-Jun-2020 04:48:36.643 INFO [main] org.apache.coyote.AbstractProtocol.start Starting ProtocolHandler ["http-nio-8080"]
07-Jun-2020 04:48:36.675 INFO [main] org.apache.catalina.startup.Catalina.start Server startup in 4054 ms
07-Jun-2020 05:24:30.840 INFO [http-nio-8080-exec-10] org.apache.coyote.http11.Http11Processor.service Error parsing HTTP request header
 Note: further occurrences of HTTP request parsing errors will be logged at DEBUG level.
	java.lang.IllegalArgumentException: Invalid character found in the HTTP protocol
		at org.apache.coyote.http11.Http11InputBuffer.parseRequestLine(Http11InputBuffer.java:567)
		at org.apache.coyote.http11.Http11Processor.service(Http11Processor.java:502)
		at org.apache.coyote.AbstractProcessorLight.process(AbstractProcessorLight.java:65)
		at org.apache.coyote.AbstractProtocol$ConnectionHandler.process(AbstractProtocol.java:818)
		at org.apache.tomcat.util.net.NioEndpoint$SocketProcessor.doRun(NioEndpoint.java:1623)
		at org.apache.tomcat.util.net.SocketProcessorBase.run(SocketProcessorBase.java:49)
		at java.util.concurrent.ThreadPoolExecutor.runWorker(ThreadPoolExecutor.java:1149)
		at java.util.concurrent.ThreadPoolExecutor$Worker.run(ThreadPoolExecutor.java:624)
		at org.apache.tomcat.util.threads.TaskThread$WrappingRunnable.run(TaskThread.java:61)
		at java.lang.Thread.run(Thread.java:748)
07-Jun-2020 05:35:08.219 INFO [main] org.apache.catalina.core.StandardServer.await A valid shutdown command was received via the shutdown port. Stopping the Server instance.
07-Jun-2020 05:35:08.220 INFO [main] org.apache.coyote.AbstractProtocol.pause Pausing ProtocolHandler ["http-nio-8080"]
07-Jun-2020 05:35:08.221 INFO [main] org.apache.catalina.core.StandardService.stopInternal Stopping service [Catalina]
07-Jun-2020 05:35:08.337 INFO [main] org.apache.coyote.AbstractProtocol.stop Stopping ProtocolHandler ["http-nio-8080"]
07-Jun-2020 05:35:08.340 INFO [main] org.apache.coyote.AbstractProtocol.destroy Destroying ProtocolHandler ["http-nio-8080"]
07-Jun-2020 05:36:01.479 INFO [main] org.apache.catalina.startup.VersionLoggerListener.log Server version name:   Apache Tomcat/8.5.53
07-Jun-2020 05:36:01.481 INFO [main] org.apache.catalina.startup.VersionLoggerListener.log Server built:          Mar 11 2020 10:01:39 UTC
07-Jun-2020 05:36:01.482 INFO [main] org.apache.catalina.startup.VersionLoggerListener.log Server version number: 8.5.53.0
07-Jun-2020 05:36:01.482 INFO [main] org.apache.catalina.startup.VersionLoggerListener.log OS Name:               Linux
07-Jun-2020 05:36:01.482 INFO [main] org.apache.catalina.startup.VersionLoggerListener.log OS Version:            5.3.0-1020-azure
07-Jun-2020 05:36:01.482 INFO [main] org.apache.catalina.startup.VersionLoggerListener.log Architecture:          amd64
07-Jun-2020 05:36:01.483 INFO [main] org.apache.catalina.startup.VersionLoggerListener.log Java Home:             /usr/lib/jvm/java-8-openjdk-amd64/jre
07-Jun-2020 05:36:01.483 INFO [main] org.apache.catalina.startup.VersionLoggerListener.log JVM Version:           1.8.0_252-8u252-b09-1~18.04-b09
07-Jun-2020 05:36:01.483 INFO [main] org.apache.catalina.startup.VersionLoggerListener.log JVM Vendor:            Private Build
07-Jun-2020 05:36:01.483 INFO [main] org.apache.catalina.startup.VersionLoggerListener.log CATALINA_BASE:         /home/Jorge/apache-tomcat-8.5.53
07-Jun-2020 05:36:01.483 INFO [main] org.apache.catalina.startup.VersionLoggerListener.log CATALINA_HOME:         /home/Jorge/apache-tomcat-8.5.53
07-Jun-2020 05:36:01.484 INFO [main] org.apache.catalina.startup.VersionLoggerListener.log Command line argument: -Djava.util.logging.config.file=/home/Jorge/apache-tomcat-8.5.53/conf/logging.properties
07-Jun-2020 05:36:01.484 INFO [main] org.apache.catalina.startup.VersionLoggerListener.log Command line argument: -Djava.util.logging.manager=org.apache.juli.ClassLoaderLogManager
07-Jun-2020 05:36:01.485 INFO [main] org.apache.catalina.startup.VersionLoggerListener.log Command line argument: -Djdk.tls.ephemeralDHKeySize=2048
07-Jun-2020 05:36:01.485 INFO [main] org.apache.catalina.startup.VersionLoggerListener.log Command line argument: -Djava.protocol.handler.pkgs=org.apache.catalina.webresources
07-Jun-2020 05:36:01.485 INFO [main] org.apache.catalina.startup.VersionLoggerListener.log Command line argument: -Dorg.apache.catalina.security.SecurityListener.UMASK=0027
07-Jun-2020 05:36:01.486 INFO [main] org.apache.catalina.startup.VersionLoggerListener.log Command line argument: -Dignore.endorsed.dirs=
07-Jun-2020 05:36:01.486 INFO [main] org.apache.catalina.startup.VersionLoggerListener.log Command line argument: -Dcatalina.base=/home/Jorge/apache-tomcat-8.5.53
07-Jun-2020 05:36:01.491 INFO [main] org.apache.catalina.startup.VersionLoggerListener.log Command line argument: -Dcatalina.home=/home/Jorge/apache-tomcat-8.5.53
07-Jun-2020 05:36:01.491 INFO [main] org.apache.catalina.startup.VersionLoggerListener.log Command line argument: -Djava.io.tmpdir=/home/Jorge/apache-tomcat-8.5.53/temp
07-Jun-2020 05:36:01.491 INFO [main] org.apache.catalina.core.AprLifecycleListener.lifecycleEvent The APR based Apache Tomcat Native library which allows optimal performance in production environments was not found on the java.library.path: [/usr/java/packages/lib/amd64:/usr/lib/x86_64-linux-gnu/jni:/lib/x86_64-linux-gnu:/usr/lib/x86_64-linux-gnu:/usr/lib/jni:/lib:/usr/lib]
07-Jun-2020 05:36:01.855 INFO [main] org.apache.coyote.AbstractProtocol.init Initializing ProtocolHandler ["http-nio-8080"]
07-Jun-2020 05:36:01.875 INFO [main] org.apache.tomcat.util.net.NioSelectorPool.getSharedSelector Using a shared selector for servlet write/read
07-Jun-2020 05:36:01.898 INFO [main] org.apache.catalina.startup.Catalina.load Initialization processed in 1167 ms
07-Jun-2020 05:36:01.944 INFO [main] org.apache.catalina.core.StandardService.startInternal Starting service [Catalina]
07-Jun-2020 05:36:01.947 INFO [main] org.apache.catalina.core.StandardEngine.startInternal Starting Servlet Engine: Apache Tomcat/8.5.53
07-Jun-2020 05:36:01.998 INFO [localhost-startStop-1] org.apache.catalina.startup.HostConfig.deployWAR Deploying web application archive [/home/Jorge/apache-tomcat-8.5.53/webapps/Servicio.war]
07-Jun-2020 05:36:03.551 WARNING [localhost-startStop-1] org.apache.tomcat.dbcp.dbcp2.BasicDataSourceFactory.getObjectInstance Name = datasource_Servicio Property maxActive is not used in DBCP2, use maxTotal instead. maxTotal default value is 8. You have set value of "100" for "maxActive" property, which is being ignored.
07-Jun-2020 05:36:03.553 WARNING [localhost-startStop-1] org.apache.tomcat.dbcp.dbcp2.BasicDataSourceFactory.getObjectInstance Name = datasource_Servicio Property maxWait is not used in DBCP2 , use maxWaitMillis instead. maxWaitMillis default value is -1. You have set value of "10000" for "maxWait" property, which is being ignored.
07-Jun-2020 05:36:03.677 INFO [localhost-startStop-1] org.apache.jasper.servlet.TldScanner.scanJars At least one JAR was scanned for TLDs yet contained no TLDs. Enable debug logging for this logger for a complete list of JARs that were scanned but no TLDs were found in them. Skipping unneeded JARs during scanning can improve startup time and JSP compilation time.
07-Jun-2020 05:36:04.800 INFO [localhost-startStop-1] org.apache.catalina.startup.HostConfig.deployWAR Deployment of web application archive [/home/Jorge/apache-tomcat-8.5.53/webapps/Servicio.war] has finished in [2,801] ms
07-Jun-2020 05:36:04.806 INFO [localhost-startStop-1] org.apache.catalina.startup.HostConfig.deployDirectory Deploying web application directory [/home/Jorge/apache-tomcat-8.5.53/webapps/ROOT]
07-Jun-2020 05:36:05.695 INFO [localhost-startStop-1] org.apache.jasper.servlet.TldScanner.scanJars At least one JAR was scanned for TLDs yet contained no TLDs. Enable debug logging for this logger for a complete list of JARs that were scanned but no TLDs were found in them. Skipping unneeded JARs during scanning can improve startup time and JSP compilation time.
07-Jun-2020 05:36:05.699 INFO [localhost-startStop-1] org.apache.catalina.startup.HostConfig.deployDirectory Deployment of web application directory [/home/Jorge/apache-tomcat-8.5.53/webapps/ROOT] has finished in [893] ms
07-Jun-2020 05:36:05.704 INFO [main] org.apache.coyote.AbstractProtocol.start Starting ProtocolHandler ["http-nio-8080"]
07-Jun-2020 05:36:05.731 INFO [main] org.apache.catalina.startup.Catalina.start Server startup in 3832 ms
07-Jun-2020 05:58:42.268 INFO [main] org.apache.catalina.core.StandardServer.await A valid shutdown command was received via the shutdown port. Stopping the Server instance.
07-Jun-2020 05:58:42.269 INFO [main] org.apache.coyote.AbstractProtocol.pause Pausing ProtocolHandler ["http-nio-8080"]
07-Jun-2020 05:58:42.270 INFO [main] org.apache.catalina.core.StandardService.stopInternal Stopping service [Catalina]
07-Jun-2020 05:58:42.315 INFO [main] org.apache.coyote.AbstractProtocol.stop Stopping ProtocolHandler ["http-nio-8080"]
07-Jun-2020 05:58:42.317 INFO [main] org.apache.coyote.AbstractProtocol.destroy Destroying ProtocolHandler ["http-nio-8080"]
07-Jun-2020 06:02:05.805 INFO [main] org.apache.catalina.startup.VersionLoggerListener.log Server version name:   Apache Tomcat/8.5.53
07-Jun-2020 06:02:05.816 INFO [main] org.apache.catalina.startup.VersionLoggerListener.log Server built:          Mar 11 2020 10:01:39 UTC
07-Jun-2020 06:02:05.816 INFO [main] org.apache.catalina.startup.VersionLoggerListener.log Server version number: 8.5.53.0
07-Jun-2020 06:02:05.817 INFO [main] org.apache.catalina.startup.VersionLoggerListener.log OS Name:               Linux
07-Jun-2020 06:02:05.817 INFO [main] org.apache.catalina.startup.VersionLoggerListener.log OS Version:            5.3.0-1020-azure
07-Jun-2020 06:02:05.817 INFO [main] org.apache.catalina.startup.VersionLoggerListener.log Architecture:          amd64
07-Jun-2020 06:02:05.817 INFO [main] org.apache.catalina.startup.VersionLoggerListener.log Java Home:             /usr/lib/jvm/java-8-openjdk-amd64/jre
07-Jun-2020 06:02:05.817 INFO [main] org.apache.catalina.startup.VersionLoggerListener.log JVM Version:           1.8.0_252-8u252-b09-1~18.04-b09
07-Jun-2020 06:02:05.817 INFO [main] org.apache.catalina.startup.VersionLoggerListener.log JVM Vendor:            Private Build
07-Jun-2020 06:02:05.818 INFO [main] org.apache.catalina.startup.VersionLoggerListener.log CATALINA_BASE:         /home/Jorge/apache-tomcat-8.5.53
07-Jun-2020 06:02:05.818 INFO [main] org.apache.catalina.startup.VersionLoggerListener.log CATALINA_HOME:         /home/Jorge/apache-tomcat-8.5.53
07-Jun-2020 06:02:05.818 INFO [main] org.apache.catalina.startup.VersionLoggerListener.log Command line argument: -Djava.util.logging.config.file=/home/Jorge/apache-tomcat-8.5.53/conf/logging.properties
07-Jun-2020 06:02:05.818 INFO [main] org.apache.catalina.startup.VersionLoggerListener.log Command line argument: -Djava.util.logging.manager=org.apache.juli.ClassLoaderLogManager
07-Jun-2020 06:02:05.818 INFO [main] org.apache.catalina.startup.VersionLoggerListener.log Command line argument: -Djdk.tls.ephemeralDHKeySize=2048
07-Jun-2020 06:02:05.819 INFO [main] org.apache.catalina.startup.VersionLoggerListener.log Command line argument: -Djava.protocol.handler.pkgs=org.apache.catalina.webresources
07-Jun-2020 06:02:05.822 INFO [main] org.apache.catalina.startup.VersionLoggerListener.log Command line argument: -Dorg.apache.catalina.security.SecurityListener.UMASK=0027
07-Jun-2020 06:02:05.824 INFO [main] org.apache.catalina.startup.VersionLoggerListener.log Command line argument: -Dignore.endorsed.dirs=
07-Jun-2020 06:02:05.824 INFO [main] org.apache.catalina.startup.VersionLoggerListener.log Command line argument: -Dcatalina.base=/home/Jorge/apache-tomcat-8.5.53
07-Jun-2020 06:02:05.824 INFO [main] org.apache.catalina.startup.VersionLoggerListener.log Command line argument: -Dcatalina.home=/home/Jorge/apache-tomcat-8.5.53
07-Jun-2020 06:02:05.824 INFO [main] org.apache.catalina.startup.VersionLoggerListener.log Command line argument: -Djava.io.tmpdir=/home/Jorge/apache-tomcat-8.5.53/temp
07-Jun-2020 06:02:05.825 INFO [main] org.apache.catalina.core.AprLifecycleListener.lifecycleEvent The APR based Apache Tomcat Native library which allows optimal performance in production environments was not found on the java.library.path: [/usr/java/packages/lib/amd64:/usr/lib/x86_64-linux-gnu/jni:/lib/x86_64-linux-gnu:/usr/lib/x86_64-linux-gnu:/usr/lib/jni:/lib:/usr/lib]
07-Jun-2020 06:02:06.131 INFO [main] org.apache.coyote.AbstractProtocol.init Initializing ProtocolHandler ["http-nio-8080"]
07-Jun-2020 06:02:06.157 INFO [main] org.apache.tomcat.util.net.NioSelectorPool.getSharedSelector Using a shared selector for servlet write/read
07-Jun-2020 06:02:06.193 INFO [main] org.apache.catalina.startup.Catalina.load Initialization processed in 1056 ms
07-Jun-2020 06:02:06.236 INFO [main] org.apache.catalina.core.StandardService.startInternal Starting service [Catalina]
07-Jun-2020 06:02:06.238 INFO [main] org.apache.catalina.core.StandardEngine.startInternal Starting Servlet Engine: Apache Tomcat/8.5.53
07-Jun-2020 06:02:06.283 INFO [localhost-startStop-1] org.apache.catalina.startup.HostConfig.deployWAR Deploying web application archive [/home/Jorge/apache-tomcat-8.5.53/webapps/Servicio.war]
07-Jun-2020 06:02:06.330 INFO [localhost-startStop-1] org.apache.catalina.startup.ExpandWar.expand An expanded directory [/home/Jorge/apache-tomcat-8.5.53/webapps/Servicio] was found with a last modified time that did not match the associated WAR. It will be deleted.
07-Jun-2020 06:02:07.765 WARNING [localhost-startStop-1] org.apache.tomcat.dbcp.dbcp2.BasicDataSourceFactory.getObjectInstance Name = datasource_Servicio Property maxActive is not used in DBCP2, use maxTotal instead. maxTotal default value is 8. You have set value of "100" for "maxActive" property, which is being ignored.
07-Jun-2020 06:02:07.771 WARNING [localhost-startStop-1] org.apache.tomcat.dbcp.dbcp2.BasicDataSourceFactory.getObjectInstance Name = datasource_Servicio Property maxWait is not used in DBCP2 , use maxWaitMillis instead. maxWaitMillis default value is -1. You have set value of "10000" for "maxWait" property, which is being ignored.
07-Jun-2020 06:02:07.859 INFO [localhost-startStop-1] org.apache.jasper.servlet.TldScanner.scanJars At least one JAR was scanned for TLDs yet contained no TLDs. Enable debug logging for this logger for a complete list of JARs that were scanned but no TLDs were found in them. Skipping unneeded JARs during scanning can improve startup time and JSP compilation time.
07-Jun-2020 06:02:08.905 INFO [localhost-startStop-1] org.apache.catalina.startup.HostConfig.deployWAR Deployment of web application archive [/home/Jorge/apache-tomcat-8.5.53/webapps/Servicio.war] has finished in [2,622] ms
07-Jun-2020 06:02:08.906 INFO [localhost-startStop-1] org.apache.catalina.startup.HostConfig.deployDirectory Deploying web application directory [/home/Jorge/apache-tomcat-8.5.53/webapps/ROOT]
07-Jun-2020 06:02:09.798 INFO [localhost-startStop-1] org.apache.jasper.servlet.TldScanner.scanJars At least one JAR was scanned for TLDs yet contained no TLDs. Enable debug logging for this logger for a complete list of JARs that were scanned but no TLDs were found in them. Skipping unneeded JARs during scanning can improve startup time and JSP compilation time.
07-Jun-2020 06:02:09.806 INFO [localhost-startStop-1] org.apache.catalina.startup.HostConfig.deployDirectory Deployment of web application directory [/home/Jorge/apache-tomcat-8.5.53/webapps/ROOT] has finished in [896] ms
07-Jun-2020 06:02:09.810 INFO [main] org.apache.coyote.AbstractProtocol.start Starting ProtocolHandler ["http-nio-8080"]
07-Jun-2020 06:02:09.820 INFO [main] org.apache.catalina.startup.Catalina.start Server startup in 3626 ms
